  Button.cpp
  Complex wires.cpp
D:\Programming\Visual studio projects\Keep talking and nobody explodes helper\Keep talking and nobody explodes helper\Complex wires.cpp(29,19): warning C4018: '<': signed/unsigned mismatch
  Keep talking and nobody explodes helper.cpp
D:\Programming\Visual studio projects\Keep talking and nobody explodes helper\Keep talking and nobody explodes helper\Keep talking and nobody explodes helper.cpp(58,19): warning C4018: '<': signed/unsigned mismatch
  Maze.cpp
D:\Programming\Visual studio projects\Keep talking and nobody explodes helper\Keep talking and nobody explodes helper\Maze.cpp(16,19): warning C4018: '<': signed/unsigned mismatch
D:\Programming\Visual studio projects\Keep talking and nobody explodes helper\Keep talking and nobody explodes helper\Maze.cpp(250,19): warning C4018: '<': signed/unsigned mismatch
  Memory.cpp
  Morse code.cpp
D:\Programming\Visual studio projects\Keep talking and nobody explodes helper\Keep talking and nobody explodes helper\Morse code.cpp(20,2): warning C4305: 'initializing': truncation from 'double' to '_Ty'
          with
          [
              _Ty=float
          ]
D:\Programming\Visual studio projects\Keep talking and nobody explodes helper\Keep talking and nobody explodes helper\Morse code.cpp(41,19): warning C4018: '<': signed/unsigned mismatch
  Simple wires.cpp
D:\Programming\Visual studio projects\Keep talking and nobody explodes helper\Keep talking and nobody explodes helper\Simple wires.cpp(94,19): warning C4018: '<': signed/unsigned mismatch
  SimonSays.cpp
D:\Programming\Visual studio projects\Keep talking and nobody explodes helper\Keep talking and nobody explodes helper\SimonSays.cpp(113,19): warning C4018: '<': signed/unsigned mismatch
D:\Programming\Visual studio projects\Keep talking and nobody explodes helper\Keep talking and nobody explodes helper\SimonSays.cpp(132,19): warning C4018: '<': signed/unsigned mismatch
  Wire sequence.cpp
  Generating code
  331 of 474 functions (69.8%) were compiled, the rest were copied from previous compilation.
    162 functions were new in current compilation
    30 functions had inline decision re-evaluated but remain unchanged
  Finished generating code
  Keep talking and nobody explodes helper.vcxproj -> D:\Programming\Visual studio projects\Keep talking and nobody explodes helper\Release\Keep talking and nobody explodes helper.exe
